[253] 2025-11-21 03:27:40,875 -- (ERROR)- django.request- Internal Server Error: /api/users/registration/
Traceback (most recent call last):
  File "G:\djangoRESTapi\env\Lib\site-packages\django\core\handlers\exception.py", line 55, in inner
    response = get_response(request)
               ^^^^^^^^^^^^^^^^^^^^^
  File "G:\djangoRESTapi\env\Lib\site-packages\django\core\handlers\base.py", line 197, in _get_response
    response = wrapped_callback(request, *callback_args, **callback_kwargs)
               ^^^^^^^^^^^^^^^^^^^^^^^^^^^^^^^^^^^^^^^^^^^^^^^^^^^^^^^^^^^^
  File "G:\djangoRESTapi\env\Lib\site-packages\django\views\decorators\csrf.py", line 65, in _view_wrapper
    return view_func(request, *args, **kwargs)
           ^^^^^^^^^^^^^^^^^^^^^^^^^^^^^^^^^^^
  File "G:\djangoRESTapi\env\Lib\site-packages\django\views\generic\base.py", line 105, in view
    return self.dispatch(request, *args, **kwargs)
           ^^^^^^^^^^^^^^^^^^^^^^^^^^^^^^^^^^^^^^^
  File "G:\djangoRESTapi\env\Lib\site-packages\rest_framework\views.py", line 515, in dispatch
    response = self.handle_exception(exc)
               ^^^^^^^^^^^^^^^^^^^^^^^^^^
  File "G:\djangoRESTapi\env\Lib\site-packages\rest_framework\views.py", line 475, in handle_exception
    self.raise_uncaught_exception(exc)
  File "G:\djangoRESTapi\env\Lib\site-packages\rest_framework\views.py", line 486, in raise_uncaught_exception
    raise exc
  File "G:\djangoRESTapi\env\Lib\site-packages\rest_framework\views.py", line 512, in dispatch
    response = handler(request, *args, **kwargs)
               ^^^^^^^^^^^^^^^^^^^^^^^^^^^^^^^^^
  File "G:\djangoRESTapi\env\Lib\site-packages\rest_framework\decorators.py", line 50, in handler
    return func(*args, **kwargs)
           ^^^^^^^^^^^^^^^^^^^^^
  File "G:\E_Transaction\diuwallet\users\views.py", line 30, in user_registration_view
    re.sub(mobile_pattern,new_pattern,mobile_number)
                                      ^^^^^^^^^
NameError: name 'mobile_nu' is not defined. Did you mean: 'mobile_number'?
[213] 2025-11-21 03:27:40,894 -- (ERROR)- django.server- "POST /api/users/registration/ HTTP/1.1" 500 111263
